Flutter crash report; please file at https://github.com/flutter/flutter/issues.

## command

flutter --quiet assemble --depfile C:\Android\FlutterProjects\shopmart_app\build\app\intermediates\flutter\debug/flutter_build.d --output C:\Android\FlutterProjects\shopmart_app\build\app\intermediates\flutter\debug -dTargetFile=C:\Android\FlutterProjects\shopmart_app\lib\main.dart -dTargetPlatform=android -dBuildMode=debug debug_android_application

## exception

FileSystemException: FileSystemException: Cannot open file, path = 'C:\Android\FlutterProjects\shopmart_app\build\app\intermediates\flutter\debug\.last_build_id' (OS Error: The system cannot find the path specified.
, errno = 3)

```
#0      _File.throwIfError (dart:io/file_impl.dart:645:7)
#1      _File.openSync (dart:io/file_impl.dart:489:5)
#2      _File.writeAsBytesSync (dart:io/file_impl.dart:614:31)
#3      _File.writeAsStringSync (dart:io/file_impl.dart:638:5)
#4      ForwardingFile.writeAsStringSync (package:file/src/forwarding/forwarding_file.dart:154:16)
#5      ErrorHandlingFile.writeAsStringSync.<anonymous closure> (package:flutter_tools/src/base/error_handling_file_system.dart:186:22)
#6      _runSync (package:flutter_tools/src/base/error_handling_file_system.dart:351:14)
#7      ErrorHandlingFile.writeAsStringSync (package:flutter_tools/src/base/error_handling_file_system.dart:185:5)
#8      BuildSystem.trackSharedBuildDirectory (package:flutter_tools/src/build_system/build_system.dart:592:23)
#9      BuildSystem.build (package:flutter_tools/src/build_system/build_system.dart:555:5)
<asynchronous suspension>
#10     AssembleCommand.runCommand (package:flutter_tools/src/commands/assemble.dart:208:58)
#11     FlutterCommand.verifyThenRunCommand (package:flutter_tools/src/runner/flutter_command.dart:760:18)
<asynchronous suspension>
#12     FlutterCommand.run.<anonymous closure> (package:flutter_tools/src/runner/flutter_command.dart:657:33)
<asynchronous suspension>
#13     FlutterCommand.run.<anonymous closure> (package:flutter_tools/src/runner/flutter_command.dart)
#14     AppContext.run.<anonymous closure> (package:flutter_tools/src/base/context.dart:150:29)
#15     _rootRun (dart:async/zone.dart:1184:13)
#16     _CustomZone.run (dart:async/zone.dart:1077:19)
#17     _runZoned (dart:async/zone.dart:1619:10)
#18     runZoned (dart:async/zone.dart:1539:10)
#19     AppContext.run (package:flutter_tools/src/base/context.dart:149:18)
#20     FlutterCommand.run (package:flutter_tools/src/runner/flutter_command.dart:647:20)
#21     CommandRunner.runCommand (package:args/command_runner.dart:197:27)
#22     FlutterCommandRunner.runCommand.<anonymous closure> (package:flutter_tools/src/runner/flutter_command_runner.dart:339:21)
<asynchronous suspension>
#23     FlutterCommandRunner.runCommand.<anonymous closure> (package:flutter_tools/src/runner/flutter_command_runner.dart)
#24     AppContext.run.<anonymous closure> (package:flutter_tools/src/base/context.dart:150:29)
#25     _rootRun (dart:async/zone.dart:1184:13)
#26     _CustomZone.run (dart:async/zone.dart:1077:19)
#27     _runZoned (dart:async/zone.dart:1619:10)
#28     runZoned (dart:async/zone.dart:1539:10)
#29     AppContext.run (package:flutter_tools/src/base/context.dart:149:18)
#30     FlutterCommandRunner.runCommand (package:flutter_tools/src/runner/flutter_command_runner.dart:289:19)
<asynchronous suspension>
#31     CommandRunner.run.<anonymous closure> (package:args/command_runner.dart:112:25)
#32     new Future.sync (dart:async/future.dart:224:31)
#33     CommandRunner.run (package:args/command_runner.dart:112:14)
#34     FlutterCommandRunner.run (package:flutter_tools/src/runner/flutter_command_runner.dart:232:18)
#35     run.<anonymous closure>.<anonymous closure> (package:flutter_tools/runner.dart:62:22)
#36     _rootRun (dart:async/zone.dart:1184:13)
#37     _CustomZone.run (dart:async/zone.dart:1077:19)
#38     _runZoned (dart:async/zone.dart:1619:10)
#39     runZonedGuarded (dart:async/zone.dart:1608:12)
#40     runZoned (dart:async/zone.dart:1536:12)
#41     run.<anonymous closure> (package:flutter_tools/runner.dart:60:18)
<asynchronous suspension>
#42     run.<anonymous closure> (package:flutter_tools/runner.dart)
#43     runInContext.runnerWrapper (package:flutter_tools/src/context_runner.dart:63:18)
<asynchronous suspension>
#44     runInContext.runnerWrapper (package:flutter_tools/src/context_runner.dart)
#45     AppContext.run.<anonymous closure> (package:flutter_tools/src/base/context.dart:150:29)
#46     _rootRun (dart:async/zone.dart:1184:13)
#47     _CustomZone.run (dart:async/zone.dart:1077:19)
#48     _runZoned (dart:async/zone.dart:1619:10)
#49     runZoned (dart:async/zone.dart:1539:10)
#50     AppContext.run (package:flutter_tools/src/base/context.dart:149:18)
#51     runInContext (package:flutter_tools/src/context_runner.dart:66:24)
#52     run (package:flutter_tools/runner.dart:47:10)
#53     main (package:flutter_tools/executable.dart:68:9)
#54     main (file:///C:/Android/flutter/packages/flutter_tools/bin/flutter_tools.dart:8:3)
#55     _startIsolate.<anonymous closure> (dart:isolate-patch/isolate_patch.dart:299:32)
#56     _RawReceivePortImpl._handleMessage (dart:isolate-patch/isolate_patch.dart:168:12)
```

## flutter doctor

```
[✓] Flutter (Channel dev, v1.18.0-8.0.pre, on Microsoft Windows [Version 10.0.18362.778], locale en-US)
    • Flutter version 1.18.0-8.0.pre at C:\Android\flutter
    • Framework revision e0c63cd35e (2 weeks ago), 2020-04-23 22:29:01 -0400
    • Engine revision d2ec21221e
    • Dart version 2.9.0 (build 2.9.0-3.0.dev b0d35855d8)

[!] Android toolchain - develop for Android devices (Android SDK version 29.0.3)
    • Android SDK at C:\Android\Sdk
    • Platform android-29, build-tools 29.0.3
    • ANDROID_HOME = C:\Android\Sdk
    • Java binary at: C:\Android\Android Studio\jre\bin\java
    • Java version OpenJDK Runtime Environment (build 1.8.0_212-release-1586-b04)
    ! Some Android licenses not accepted.  To resolve this, run: flutter doctor --android-licenses

[✓] Android Studio (version 3.6)
    • Android Studio at C:\Android\Android Studio
    • Flutter plugin version 45.1.1
    • Dart plugin version 192.7761
    • Java version OpenJDK Runtime Environment (build 1.8.0_212-release-1586-b04)

[!] VS Code (version 1.44.2)
    • VS Code at C:\Users\Fam\AppData\Local\Programs\Microsoft VS Code
    ✗ Flutter extension not installed; install from
      https://marketplace.visualstudio.com/items?itemName=Dart-Code.flutter

[✓] Connected device (1 available)
    • SM G925T • 03157df368954f12 • android-arm64 • Android 7.0 (API 24)

! Doctor found issues in 2 categories.
```
